Dec-18 10:35:09.024 [main] DEBUG nextflow.cli.Launcher - $> nextflow kuberun Nine-s/rnasplice_generated -r master -c nextflow.config -v nextflow-ninon -resume
Dec-18 10:35:09.247 [main] DEBUG nextflow.plugin.PluginsFacade - Setting up plugin manager > mode=prod; embedded=false; plugins-dir=/home/ninon/.nextflow/plugins; core-plugins: nf-amazon@2.1.4,nf-azure@1.3.2,nf-cloudcache@0.3.0,nf-codecommit@0.1.5,nf-console@1.0.6,nf-ga4gh@1.1.0,nf-google@1.8.3,nf-tower@1.6.3,nf-wave@0.14.0
Dec-18 10:35:09.259 [main] INFO  o.pf4j.DefaultPluginStatusProvider - Enabled plugins: []
Dec-18 10:35:09.261 [main] INFO  o.pf4j.DefaultPluginStatusProvider - Disabled plugins: []
Dec-18 10:35:09.266 [main] INFO  org.pf4j.DefaultPluginManager - PF4J version 3.4.1 in 'deployment' mode
Dec-18 10:35:09.277 [main] INFO  org.pf4j.AbstractPluginManager - No plugins
Dec-18 10:35:09.292 [main] DEBUG nextflow.scm.ProviderConfig - Using SCM config path: /home/ninon/.nextflow/scm
Dec-18 10:35:09.325 [main] DEBUG nextflow.scm.RepositoryFactory - Found Git repository result: [RepositoryFactory]
Dec-18 10:35:09.338 [main] DEBUG nextflow.scm.RepositoryProvider - Request [credentials -:-] -> https://api.github.com/repos/Nine-s/rnasplice_generated/contents/nextflow.config
Dec-18 10:35:09.908 [main] DEBUG nextflow.config.ConfigBuilder - Found config local: /home/ninon/description_prototype/v1/generated_workflow/nextflow.config
Dec-18 10:35:09.912 [main] DEBUG nextflow.config.ConfigBuilder - User config file: https://github.com/Nine-s/rnasplice_generated/nextflow.config
Dec-18 10:35:09.913 [main] DEBUG nextflow.config.ConfigBuilder - User config file: /home/ninon/description_prototype/v1/generated_workflow/nextflow.config
Dec-18 10:35:09.914 [main] DEBUG nextflow.config.ConfigBuilder - Parsing config file: /home/ninon/description_prototype/v1/generated_workflow/nextflow.config
Dec-18 10:35:09.914 [main] DEBUG nextflow.config.ConfigBuilder - Parsing config file: https://github.com/Nine-s/rnasplice_generated/nextflow.config
Dec-18 10:35:09.915 [main] DEBUG nextflow.config.ConfigBuilder - Parsing config file: /home/ninon/description_prototype/v1/generated_workflow/nextflow.config
Dec-18 10:35:09.943 [main] DEBUG nextflow.config.ConfigBuilder - Applying config profile: `standard`
Dec-18 10:35:10.847 [main] DEBUG nextflow.config.ConfigBuilder - Applying config profile: `standard`
Dec-18 10:35:10.962 [main] DEBUG nextflow.config.ConfigBuilder - Applying config profile: `standard`
Dec-18 10:35:11.055 [main] DEBUG nextflow.k8s.K8sConfig - Kubernetes workDir=/workspace/ninon/work; projectDir=/workspace/projects; volumeClaims=[nextflow-ninon]
Dec-18 10:35:11.108 [main] DEBUG nextflow.scm.ProviderConfig - Using SCM config path: /home/ninon/.nextflow/scm
Dec-18 10:35:11.187 [main] DEBUG nextflow.k8s.K8sDriverLauncher - Created K8s configMap with name: nf-config-f21ecd97
Dec-18 10:35:11.252 [main] INFO  nextflow.k8s.K8sDriverLauncher - Launcher pod spec file: .nextflow.pod.yaml
Dec-18 10:36:19.899 [main] ERROR nextflow.cli.Launcher - Premature EOF
java.io.IOException: Premature EOF
	at java.base/sun.net.www.http.ChunkedInputStream.readAheadBlocking(ChunkedInputStream.java:567)
	at java.base/sun.net.www.http.ChunkedInputStream.readAhead(ChunkedInputStream.java:611)
	at java.base/sun.net.www.http.ChunkedInputStream.read(ChunkedInputStream.java:705)
	at java.base/java.io.FilterInputStream.read(FilterInputStream.java:132)
	at java.base/sun.net.www.protocol.http.HttpURLConnection$HttpInputStream.read(HttpURLConnection.java:3685)
	at java.base/sun.nio.cs.StreamDecoder.readBytes(StreamDecoder.java:270)
	at java.base/sun.nio.cs.StreamDecoder.implRead(StreamDecoder.java:313)
	at java.base/sun.nio.cs.StreamDecoder.read(StreamDecoder.java:188)
	at java.base/java.io.InputStreamReader.read(InputStreamReader.java:177)
	at java.base/java.io.BufferedReader.fill(BufferedReader.java:162)
	at java.base/java.io.BufferedReader.readLine(BufferedReader.java:329)
	at java.base/java.io.BufferedReader.readLine(BufferedReader.java:396)
	at org.codehaus.groovy.runtime.IOGroovyMethods.eachLine(IOGroovyMethods.java:452)
	at org.codehaus.groovy.runtime.IOGroovyMethods.eachLine(IOGroovyMethods.java:409)
	at org.codehaus.groovy.runtime.IOGroovyMethods.eachLine(IOGroovyMethods.java:393)
	at org.codehaus.groovy.runtime.dgm$917.invoke(Unknown Source)
	at org.codehaus.groovy.runtime.callsite.PojoMetaMethodSite$PojoMetaMethodSiteNoUnwrapNoCoerce.invoke(PojoMetaMethodSite.java:242)
	at org.codehaus.groovy.runtime.callsite.PojoMetaMethodSite.call(PojoMetaMethodSite.java:51)
	at org.codehaus.groovy.runtime.callsite.CallSiteArray.defaultCall(CallSiteArray.java:47)
	at org.codehaus.groovy.runtime.callsite.AbstractCallSite.call(AbstractCallSite.java:125)
	at org.codehaus.groovy.runtime.callsite.AbstractCallSite.call(AbstractCallSite.java:139)
	at nextflow.k8s.K8sDriverLauncher.printK8sPodOutput(K8sDriverLauncher.groovy:258)
	at nextflow.k8s.K8sDriverLauncher.run(K8sDriverLauncher.groovy:158)
	at nextflow.cli.CmdKubeRun.run(CmdKubeRun.groovy:97)
	at nextflow.cli.Launcher.run(Launcher.groovy:495)
	at nextflow.cli.Launcher.main(Launcher.groovy:666)
